<?xml version="1.0" encoding="UTF-8"?>
<!-- Generated by org.testng.reporters.JUnitReportReporter -->
<testsuite hostname="vardhan-PC" name="com.amazon.scenarios.C_ValidateMouseHoverAction" tests="4" failures="0" timestamp="24 Oct 2018 14:10:24 GMT" time="16.303" errors="0">
  <testcase name="QuitBrowser" time="0.802" classname="com.amazon.scenarios.C_ValidateMouseHoverAction"/>
  <testcase name="LaunchBrowser" time="2.611" classname="com.amazon.scenarios.C_ValidateMouseHoverAction"/>
  <testcase name="LaunchUrl" time="7.323" classname="com.amazon.scenarios.C_ValidateMouseHoverAction"/>
  <testcase name="MouseHover" time="5.567" classname="com.amazon.scenarios.C_ValidateMouseHoverAction"/>
</testsuite> <!-- com.amazon.scenarios.C_ValidateMouseHoverAction -->
