<?xml version="1.0" encoding="UTF-8"?>
<!-- Generated by org.testng.reporters.JUnitReportReporter -->
<testsuite hostname="vardhan-PC" name="com.makemytrip.scenarios.LaunchBrowser" tests="1" failures="0" timestamp="23 Oct 2018 17:21:07 GMT" time="5.992" errors="0">
  <testcase name="LaunchBrowser" time="5.992" classname="com.makemytrip.scenarios.LaunchBrowser"/>
</testsuite> <!-- com.makemytrip.scenarios.LaunchBrowser -->
