<?xml version="1.0" encoding="UTF-8"?>
<!-- Generated by org.testng.reporters.JUnitReportReporter -->
<testsuite hostname="vardhan-PC" name="com.makemytrip.scenarios.C_ValidateMouseHoverAction" tests="4" failures="0" timestamp="24 Oct 2018 10:11:48 GMT" time="14.420" errors="0">
  <testcase name="LaunchBrowser" time="3.065" classname="com.makemytrip.scenarios.C_ValidateMouseHoverAction"/>
  <testcase name="MouseHover" time="3.168" classname="com.makemytrip.scenarios.C_ValidateMouseHoverAction"/>
  <testcase name="QuitBrowser" time="0.775" classname="com.makemytrip.scenarios.C_ValidateMouseHoverAction"/>
  <testcase name="LaunchUrl" time="7.412" classname="com.makemytrip.scenarios.C_ValidateMouseHoverAction"/>
</testsuite> <!-- com.makemytrip.scenarios.C_ValidateMouseHoverAction -->
