<?xml version="1.0" encoding="UTF-8"?>
<!-- Generated by org.testng.reporters.JUnitReportReporter -->
<testsuite hostname="vardhan-PC" name="com.makemytrip.scenarios.A_LaunchMakeMyTripApp" tests="3" failures="0" timestamp="24 Oct 2018 10:11:48 GMT" time="14.118" errors="0">
  <testcase name="LaunchBrowser" time="4.752" classname="com.makemytrip.scenarios.A_LaunchMakeMyTripApp"/>
  <testcase name="QuitBrowser" time="0.708" classname="com.makemytrip.scenarios.A_LaunchMakeMyTripApp"/>
  <testcase name="LaunchUrl" time="8.658" classname="com.makemytrip.scenarios.A_LaunchMakeMyTripApp"/>
</testsuite> <!-- com.makemytrip.scenarios.A_LaunchMakeMyTripApp -->
