<?xml version="1.0" encoding="UTF-8"?>
<!-- Generated by org.testng.reporters.JUnitReportReporter -->
<testsuite hostname="vardhan-PC" name="com.amazon.scenarios.D_ValidateDropDown" tests="4" failures="0" timestamp="24 Oct 2018 14:10:24 GMT" time="14.626" errors="0">
  <testcase name="DropDown" time="4.197" classname="com.amazon.scenarios.D_ValidateDropDown"/>
  <testcase name="LaunchBrowser" time="2.640" classname="com.amazon.scenarios.D_ValidateDropDown"/>
  <testcase name="QuitBrowser" time="0.752" classname="com.amazon.scenarios.D_ValidateDropDown"/>
  <testcase name="LaunchUrl" time="7.037" classname="com.amazon.scenarios.D_ValidateDropDown"/>
</testsuite> <!-- com.amazon.scenarios.D_ValidateDropDown -->
