<?xml version="1.0" encoding="UTF-8"?>
<!-- Generated by org.testng.reporters.JUnitReportReporter -->
<testsuite hostname="vardhan-PC" name="com.makemytrip.scenarios.LaunchMakeMyTripApp" tests="3" failures="0" timestamp="23 Oct 2018 17:21:07 GMT" time="18.304" errors="0">
  <testcase name="LaunchUrl" time="13.894" classname="com.makemytrip.scenarios.LaunchMakeMyTripApp"/>
  <testcase name="LaunchBrowser" time="3.423" classname="com.makemytrip.scenarios.LaunchMakeMyTripApp"/>
  <testcase name="QuitBrowser" time="0.987" classname="com.makemytrip.scenarios.LaunchMakeMyTripApp"/>
</testsuite> <!-- com.makemytrip.scenarios.LaunchMakeMyTripApp -->
