<?xml version="1.0" encoding="UTF-8"?>
<!-- Generated by org.testng.reporters.JUnitReportReporter -->
<testsuite hostname="vardhan-PC" name="com.amazon.scenarios.B_DataDrivenInvalidLogInCreds" tests="3" failures="0" timestamp="24 Oct 2018 14:10:24 GMT" time="80.101" errors="0">
  <testcase name="LaunchBrowser" time="31.991" classname="com.amazon.scenarios.B_DataDrivenInvalidLogInCreds"/>
  <testcase name="LaunchBrowser" time="21.697" classname="com.amazon.scenarios.B_DataDrivenInvalidLogInCreds"/>
  <testcase name="LaunchBrowser" time="26.413" classname="com.amazon.scenarios.B_DataDrivenInvalidLogInCreds"/>
</testsuite> <!-- com.amazon.scenarios.B_DataDrivenInvalidLogInCreds -->
