<?xml version="1.0" encoding="UTF-8"?>
<!-- Generated by org.testng.reporters.JUnitReportReporter -->
<testsuite hostname="vardhan-PC" name="test.D_ValidateSearchFlights" tests="3" failures="0" timestamp="24 Oct 2018 10:14:10 GMT" time="19.833" errors="0">
  <testcase name="LaunchBrowser" time="4.698" classname="test.D_ValidateSearchFlights"/>
  <testcase name="LaunchUrl" time="11.480" classname="test.D_ValidateSearchFlights"/>
  <testcase name="SearchFlights" time="3.655" classname="test.D_ValidateSearchFlights"/>
</testsuite> <!-- test.D_ValidateSearchFlights -->
