<?xml version="1.0" encoding="UTF-8"?>
<!-- Generated by org.testng.reporters.JUnitReportReporter -->
<testsuite hostname="vardhan-PC" name="com.amazon.scenarios.E_validateLogInwithValidCreds" tests="4" failures="0" timestamp="24 Oct 2018 14:10:24 GMT" time="21.858" errors="0">
  <testcase name="LaunchBrowser" time="2.629" classname="com.amazon.scenarios.E_validateLogInwithValidCreds"/>
  <testcase name="LaunchUrl" time="7.224" classname="com.amazon.scenarios.E_validateLogInwithValidCreds"/>
  <testcase name="quit" time="0.851" classname="com.amazon.scenarios.E_validateLogInwithValidCreds"/>
  <testcase name="LogIn" time="11.154" classname="com.amazon.scenarios.E_validateLogInwithValidCreds"/>
</testsuite> <!-- com.amazon.scenarios.E_validateLogInwithValidCreds -->
