<?xml version="1.0" encoding="UTF-8"?>
<!-- Generated by org.testng.reporters.JUnitReportReporter -->
<testsuite hostname="vardhan-PC" name="com.amazon.scenarios.A_LaunchMakeMyTripApp" tests="3" failures="0" timestamp="24 Oct 2018 14:10:24 GMT" time="14.801" errors="0">
  <testcase name="LaunchBrowser" time="5.584" classname="com.amazon.scenarios.A_LaunchMakeMyTripApp"/>
  <testcase name="LaunchUrl" time="7.060" classname="com.amazon.scenarios.A_LaunchMakeMyTripApp"/>
  <testcase name="QuitBrowser" time="2.157" classname="com.amazon.scenarios.A_LaunchMakeMyTripApp"/>
</testsuite> <!-- com.amazon.scenarios.A_LaunchMakeMyTripApp -->
