<?xml version="1.0" encoding="UTF-8"?>
<!-- Generated by org.testng.reporters.JUnitReportReporter -->
<testsuite hostname="vardhan-PC" name="com.makemytrip.scenarios.B_validateLogInwithValidCreds" tests="4" failures="0" timestamp="24 Oct 2018 10:11:48 GMT" time="25.995" errors="0">
  <testcase name="LogIn" time="14.611" classname="com.makemytrip.scenarios.B_validateLogInwithValidCreds"/>
  <testcase name="LaunchBrowser" time="2.567" classname="com.makemytrip.scenarios.B_validateLogInwithValidCreds"/>
  <testcase name="quit" time="1.040" classname="com.makemytrip.scenarios.B_validateLogInwithValidCreds"/>
  <testcase name="LaunchUrl" time="7.777" classname="com.makemytrip.scenarios.B_validateLogInwithValidCreds"/>
</testsuite> <!-- com.makemytrip.scenarios.B_validateLogInwithValidCreds -->
